cordova/Triage/platforms/android/build/outputs/logs/manifest-merger-release-report.txt
-- Merging decision tree log ---
manifest
ADDED from platforms/android/AndroidManifest.xml:2:1-17:12
	package
		ADDED from platforms/android/AndroidManifest.xml:2:98-131
	android:versionName
		ADDED from platforms/android/AndroidManifest.xml:2:70-97
		INJECTED from platforms/android/AndroidManifest.xml
		INJECTED from platforms/android/AndroidManifest.xml
	android:hardwareAccelerated
		ADDED from platforms/android/AndroidManifest.xml:2:11-45
	android:versionCode
		ADDED from platforms/android/AndroidManifest.xml:2:46-69
		INJECTED from platforms/android/AndroidManifest.xml
		INJECTED from platforms/android/AndroidManifest.xml
	xmlns:android
		ADDED from platforms/android/AndroidManifest.xml:2:132-190
supports-screens
ADDED from platforms/android/AndroidManifest.xml:3:5-191
	android:largeScreens
		ADDED from platforms/android/AndroidManifest.xml:3:49-76
	android:smallScreens
		ADDED from platforms/android/AndroidManifest.xml:3:132-159
	android:normalScreens
		ADDED from platforms/android/AndroidManifest.xml:3:77-105
	android:xlargeScreens
		ADDED from platforms/android/AndroidManifest.xml:3:160-188
	android:resizeable
		ADDED from platforms/android/AndroidManifest.xml:3:106-131
	android:anyDensity
		ADDED from platforms/android/AndroidManifest.xml:3:23-48
uses-permission#android.permission.INTERNET
ADDED from platforms/android/AndroidManifest.xml:4:5-67
	android:name
		ADDED from platforms/android/AndroidManifest.xml:4:22-64
uses-permission#android.permission.ACCESS_NETWORK_STATE
ADDED from platforms/android/AndroidManifest.xml:5:5-79
	android:name
		ADDED from platforms/android/AndroidManifest.xml:5:22-76
uses-permission#android.permission.ACCESS_WIFI_STATE
ADDED from platforms/android/AndroidManifest.xml:6:5-76
	android:name
		ADDED from platforms/android/AndroidManifest.xml:6:22-73
uses-permission#android.permission.WRITE_EXTERNAL_STORAGE
ADDED from platforms/android/AndroidManifest.xml:7:5-81
	android:name
		ADDED from platforms/android/AndroidManifest.xml:7:22-78
application
ADDED from platforms/android/AndroidManifest.xml:8:5-15:19
	android:label
		ADDED from platforms/android/AndroidManifest.xml:8:83-115
	android:supportsRtl
		ADDED from platforms/android/AndroidManifest.xml:8:116-142
	android:hardwareAccelerated
		ADDED from platforms/android/AndroidManifest.xml:8:18-52
	android:icon
		ADDED from platforms/android/AndroidManifest.xml:8:53-82
activity#io.lucainnocenti.triage.MainActivity
ADDED from platforms/android/AndroidManifest.xml:9:9-14:20
	android:label
		ADDED from platforms/android/AndroidManifest.xml:9:97-134
	android:launchMode
		ADDED from platforms/android/AndroidManifest.xml:9:135-165
	android:windowSoftInputMode
		ADDED from platforms/android/AndroidManifest.xml:9:248-290
	android:configChanges
		ADDED from platforms/android/AndroidManifest.xml:9:19-96
	android:theme
		ADDED from platforms/android/AndroidManifest.xml:9:194-247
	android:name
		ADDED from platforms/android/AndroidManifest.xml:9:166-193
intent-filter#android.intent.action.MAIN+android.intent.category.LAUNCHER
ADDED from platforms/android/AndroidManifest.xml:10:13-13:29
	android:label
		ADDED from platforms/android/AndroidManifest.xml:10:28-65
action#android.intent.action.MAIN
ADDED from platforms/android/AndroidManifest.xml:11:17-69
	android:name
		ADDED from platforms/android/AndroidManifest.xml:11:25-66
category#android.intent.category.LAUNCHER
ADDED from platforms/android/AndroidManifest.xml:12:17-77
	android:name
		ADDED from platforms/android/AndroidManifest.xml:12:27-74
uses-sdk
ADDED from platforms/android/AndroidManifest.xml:16:5-74
MERGED from [android:CordovaLib:unspecified:release] AndroidManifest.xml:25:5-44
	android:targetSdkVersion
		ADDED from platforms/android/AndroidManifest.xml:16:42-71
	android:minSdkVersion
		ADDED from platforms/android/AndroidManifest.xml:16:15-41